2019-10-09 10:22:02.156  INFO 6388 --- [main] b.g.m.b.p.PocServiceApplication          : Starting PocServiceApplication on BDMG5318 with PID 6388 (C:\Users\rpsr\Documents\workspace-spring-tool-suite-4-4.3.1.RELEASE\wks\spring-microservices-eureka\poc-service\target\classes started by rpsr in C:\Users\rpsr\Documents\workspace-spring-tool-suite-4-4.3.1.RELEASE\wks\spring-microservices-eureka\poc-service)
2019-10-09 10:22:02.158  INFO 6388 --- [main] b.g.m.b.p.PocServiceApplication          : No active profile set, falling back to default profiles: default
2019-10-09 10:22:02.863  INFO 6388 --- [main] b.g.m.b.p.PocServiceApplication          : Started PocServiceApplication in 0.912 seconds (JVM running for 1.208)
2019-10-09 10:24:00.510  INFO 10984 --- [main] b.g.m.b.p.PocServiceApplication          : Starting PocServiceApplication on BDMG5318 with PID 10984 (C:\Users\rpsr\Documents\workspace-spring-tool-suite-4-4.3.1.RELEASE\wks\spring-microservices-eureka\poc-service\target\classes started by rpsr in C:\Users\rpsr\Documents\workspace-spring-tool-suite-4-4.3.1.RELEASE\wks\spring-microservices-eureka\poc-service)
2019-10-09 10:24:00.510  INFO 10984 --- [main] b.g.m.b.p.PocServiceApplication          : No active profile set, falling back to default profiles: default
2019-10-09 10:24:01.614  INFO 10984 --- [main] b.g.m.b.p.PocServiceApplication          : Started PocServiceApplication in 1.376 seconds (JVM running for 1.631)
2019-10-09 10:28:25.730  INFO 10132 --- [main] b.g.m.b.p.PocServiceApplication          : Starting PocServiceApplication on BDMG5318 with PID 10132 (C:\Users\rpsr\Documents\workspace-spring-tool-suite-4-4.3.1.RELEASE\wks\spring-microservices-eureka\poc-service\target\classes started by rpsr in C:\Users\rpsr\Documents\workspace-spring-tool-suite-4-4.3.1.RELEASE\wks\spring-microservices-eureka\poc-service)
2019-10-09 10:28:25.746  INFO 10132 --- [main] b.g.m.b.p.PocServiceApplication          : No active profile set, falling back to default profiles: default
2019-10-09 10:28:26.527  INFO 10132 --- [main] o.s.b.w.embedded.tomcat.TomcatWebServer  : Tomcat initialized with port(s): 8080 (http)
2019-10-09 10:28:26.528  INFO 10132 --- [main] o.apache.catalina.core.StandardService   : Starting service [Tomcat]
2019-10-09 10:28:26.528  INFO 10132 --- [main] org.apache.catalina.core.StandardEngine  : Starting Servlet engine: [Apache Tomcat/9.0.26]
2019-10-09 10:28:26.606  INFO 10132 --- [main] o.a.c.c.C.[Tomcat].[localhost].[/]       : Initializing Spring embedded WebApplicationContext
2019-10-09 10:28:26.606  INFO 10132 --- [main] o.s.web.context.ContextLoader            : Root WebApplicationContext: initialization completed in 844 ms
2019-10-09 10:28:26.918  INFO 10132 --- [main] o.s.s.concurrent.ThreadPoolTaskExecutor  : Initializing ExecutorService 'applicationTaskExecutor'
2019-10-09 10:28:27.230  INFO 10132 --- [main] o.s.s.web.DefaultSecurityFilterChain     : Creating filter chain: any request, [org.springframework.security.web.context.request.async.WebAsyncManagerIntegrationFilter@4cb40e3b, org.springframework.security.web.context.SecurityContextPersistenceFilter@199bc830, org.springframework.security.web.header.HeaderWriterFilter@58860997, org.springframework.security.web.csrf.CsrfFilter@168cd36b, org.springframework.security.web.authentication.logout.LogoutFilter@21f459fc, org.springframework.security.web.authentication.UsernamePasswordAuthenticationFilter@6631cb64, org.springframework.security.web.authentication.ui.DefaultLoginPageGeneratingFilter@2f61d591, org.springframework.security.web.authentication.ui.DefaultLogoutPageGeneratingFilter@41b1f51e, org.springframework.security.web.authentication.www.BasicAuthenticationFilter@3cbf1ba4, org.springframework.security.web.savedrequest.RequestCacheAwareFilter@27b45ea, org.springframework.security.web.servletapi.SecurityContextHolderAwareRequestFilter@5853495b, org.springframework.security.web.authentication.AnonymousAuthenticationFilter@3a543f31, org.springframework.security.web.session.SessionManagementFilter@7487b142, org.springframework.security.web.access.ExceptionTranslationFilter@238bfd6c, org.springframework.security.web.access.intercept.FilterSecurityInterceptor@7fd8c559]
2019-10-09 10:28:27.261  INFO 10132 --- [main] o.s.b.a.e.web.EndpointLinksResolver      : Exposing 18 endpoint(s) beneath base path '/actuator'
2019-10-09 10:28:27.308  INFO 10132 --- [main] o.s.b.w.embedded.tomcat.TomcatWebServer  : Tomcat started on port(s): 8080 (http) with context path ''
2019-10-09 10:28:27.308  INFO 10132 --- [main] b.g.m.b.p.PocServiceApplication          : Started PocServiceApplication in 1.905 seconds (JVM running for 2.236)
2019-10-09 10:28:33.281  INFO 10132 --- [http-nio-8080-exec-1] o.a.c.c.C.[Tomcat].[localhost].[/]       : Initializing Spring DispatcherServlet 'dispatcherServlet'
2019-10-09 10:28:33.282  INFO 10132 --- [http-nio-8080-exec-1] o.s.web.servlet.DispatcherServlet        : Initializing Servlet 'dispatcherServlet'
2019-10-09 10:28:33.289  INFO 10132 --- [http-nio-8080-exec-1] o.s.web.servlet.DispatcherServlet        : Completed initialization in 6 ms
2019-10-09 10:41:40.953  INFO 10132 --- [RMI TCP Connection(24)-127.0.0.1] inMXBeanRegistrar$SpringApplicationAdmin : Application shutdown requested.
2019-10-09 10:41:40.956  INFO 10132 --- [RMI TCP Connection(24)-127.0.0.1] o.s.s.concurrent.ThreadPoolTaskExecutor  : Shutting down ExecutorService 'applicationTaskExecutor'
2019-10-09 10:41:44.132  INFO 10356 --- [main] b.g.m.b.p.PocServiceApplication          : Starting PocServiceApplication on BDMG5318 with PID 10356 (C:\Users\rpsr\Documents\workspace-spring-tool-suite-4-4.3.1.RELEASE\wks\spring-microservices-eureka\poc-service\target\classes started by rpsr in C:\Users\rpsr\Documents\workspace-spring-tool-suite-4-4.3.1.RELEASE\wks\spring-microservices-eureka\poc-service)
2019-10-09 10:41:44.134  INFO 10356 --- [main] b.g.m.b.p.PocServiceApplication          : No active profile set, falling back to default profiles: default
2019-10-09 10:41:44.916  INFO 10356 --- [main] o.s.b.w.embedded.tomcat.TomcatWebServer  : Tomcat initialized with port(s): 8080 (http)
2019-10-09 10:41:44.932  INFO 10356 --- [main] o.apache.catalina.core.StandardService   : Starting service [Tomcat]
2019-10-09 10:41:44.933  INFO 10356 --- [main] org.apache.catalina.core.StandardEngine  : Starting Servlet engine: [Apache Tomcat/9.0.26]
2019-10-09 10:41:44.990  INFO 10356 --- [main] o.a.c.c.C.[Tomcat].[localhost].[/]       : Initializing Spring embedded WebApplicationContext
2019-10-09 10:41:44.990  INFO 10356 --- [main] o.s.web.context.ContextLoader            : Root WebApplicationContext: initialization completed in 831 ms
2019-10-09 10:41:45.333  INFO 10356 --- [main] o.s.s.concurrent.ThreadPoolTaskExecutor  : Initializing ExecutorService 'applicationTaskExecutor'
2019-10-09 10:41:45.507  INFO 10356 --- [main] o.s.b.a.e.web.EndpointLinksResolver      : Exposing 18 endpoint(s) beneath base path '/actuator'
2019-10-09 10:41:45.556  INFO 10356 --- [main] o.s.b.w.embedded.tomcat.TomcatWebServer  : Tomcat started on port(s): 8080 (http) with context path ''
2019-10-09 10:41:45.559  INFO 10356 --- [main] b.g.m.b.p.PocServiceApplication          : Started PocServiceApplication in 1.65 seconds (JVM running for 1.981)
2019-10-09 10:41:50.866  INFO 10356 --- [http-nio-8080-exec-1] o.a.c.c.C.[Tomcat].[localhost].[/]       : Initializing Spring DispatcherServlet 'dispatcherServlet'
2019-10-09 10:41:50.867  INFO 10356 --- [http-nio-8080-exec-1] o.s.web.servlet.DispatcherServlet        : Initializing Servlet 'dispatcherServlet'
2019-10-09 10:41:50.871  INFO 10356 --- [http-nio-8080-exec-1] o.s.web.servlet.DispatcherServlet        : Completed initialization in 4 ms
2019-10-09 10:42:25.351  INFO 10356 --- [RMI TCP Connection(10)-127.0.0.1] inMXBeanRegistrar$SpringApplicationAdmin : Application shutdown requested.
2019-10-09 10:42:25.353  INFO 10356 --- [RMI TCP Connection(10)-127.0.0.1] o.s.s.concurrent.ThreadPoolTaskExecutor  : Shutting down ExecutorService 'applicationTaskExecutor'
